Unity Editor version:    2020.3.29f1 (2ff179115da0)
Branch:                  2020.3/staging
Build type:              Release
Batch mode:              YES
macOS version:           Version 12.2.1 (Build 21D62)
Darwin version:          21.3.0
Architecture:            x86_64
Running under Rosetta:   NO
Available memory:        8192 MB
Using pre-set license
Pro License: NO

COMMAND LINE ARGUMENTS:
/Applications/Unity/Hub/Editor/2020.3.29f1/Unity.app/Contents/MacOS/Unity
-adb2
-batchMode
-noUpm
-name
AssetImportWorker0
-projectPath
/Users/Ridvan/Desktop/UnityProjects/WithoutR /WithoutR
-logFile
Logs/AssetImportWorker0.log
-srvPort
54442
Successfully changed project path to: /Users/Ridvan/Desktop/UnityProjects/WithoutR /WithoutR
/Users/Ridvan/Desktop/UnityProjects/WithoutR /WithoutR
Using Asset Import Pipeline V2.
Setting a NavMeshArea cost less than one can give unexpected results.
Refreshing native plugins compatible for Editor in 166.39 ms, found 2 plugins.
Preloading 0 native plugins for Editor in 0.00 ms.
Initialize engine version: 2020.3.29f1 (2ff179115da0)
[Subsystems] Discovering subsystems at path /Applications/Unity/Hub/Editor/2020.3.29f1/Unity.app/Contents/Resources/UnitySubsystems
[Subsystems] Discovering subsystems at path /Users/Ridvan/Desktop/UnityProjects/WithoutR /WithoutR/Assets
GfxDevice: creating device client; threaded=0
2022-04-20 23:39:37.659 Unity[21394:509487] Color LCD preferred device: Intel(R) Iris(TM) Graphics 6100 (low power)
2022-04-20 23:39:37.659 Unity[21394:509487] Metal devices available: 1
2022-04-20 23:39:37.659 Unity[21394:509487] 0: Intel(R) Iris(TM) Graphics 6100 (low power)
2022-04-20 23:39:37.660 Unity[21394:509487] Using device Intel(R) Iris(TM) Graphics 6100 (low power)
Initializing Metal device caps: Intel(R) Iris(TM) Graphics 6100
Initialize mono
Mono path[0] = '/Applications/Unity/Hub/Editor/2020.3.29f1/Unity.app/Contents/Managed'
Mono path[1] = '/Applications/Unity/Hub/Editor/2020.3.29f1/Unity.app/Contents/MonoBleedingEdge/lib/mono/unityjit'
Mono config path = '/Applications/Unity/Hub/Editor/2020.3.29f1/Unity.app/Contents/MonoBleedingEdge/etc'
Using monoOptions --debugger-agent=transport=dt_socket,embedding=1,server=y,suspend=n,address=127.0.0.1:56394
Begin MonoManager ReloadAssembly
Registering precompiled unity dll's ...
Register platform support module: /Applications/Unity/Hub/Editor/2020.3.29f1/PlaybackEngines/WebGLSupport/UnityEditor.WebGL.Extensions.dll
Register platform support module: /Applications/Unity/Hub/Editor/2020.3.29f1/Unity.app/Contents/PlaybackEngines/MacStandaloneSupport/UnityEditor.OSXStandalone.Extensions.dll
Registered in 0.003064 seconds.
Native extension for OSXStandalone target not found
Native extension for WebGL target not found
Refreshing native plugins compatible for Editor in 116.58 ms, found 2 plugins.
Preloading 0 native plugins for Editor in 0.00 ms.
Mono: successfully reloaded assembly
- Completed reload, in  1.167 seconds
Domain Reload Profiling:
	ReloadAssembly (1167ms)
		BeginReloadAssembly (143ms)
			ExecutionOrderSort (0ms)
			DisableScriptedObjects (0ms)
			BackupInstance (0ms)
			ReleaseScriptingObjects (0ms)
			CreateAndSetChildDomain (2ms)
		EndReloadAssembly (893ms)
			LoadAssemblies (144ms)
			RebuildTransferFunctionScriptingTraits (0ms)
			SetupTypeCache (288ms)
			ReleaseScriptCaches (0ms)
			RebuildScriptCaches (72ms)
			SetupLoadedEditorAssemblies (376ms)
				LogAssemblyErrors (0ms)
				InitializePlatformSupportModulesInManaged (8ms)
				SetLoadedEditorAssemblies (0ms)
				RefreshPlugins (117ms)
				BeforeProcessingInitializeOnLoad (17ms)
				ProcessInitializeOnLoadAttributes (187ms)
				ProcessInitializeOnLoadMethodAttributes (46ms)
				AfterProcessingInitializeOnLoad (0ms)
				EditorAssembliesLoaded (0ms)
			ExecutionOrderSort2 (0ms)
			AwakeInstancesAfterBackupRestoration (0ms)
Platform modules already initialized, skipping
Registering precompiled user dll's ...
Registered in 0.013422 seconds.
Begin MonoManager ReloadAssembly
Native extension for OSXStandalone target not found
Native extension for WebGL target not found
Refreshing native plugins compatible for Editor in 1.52 ms, found 2 plugins.
Preloading 0 native plugins for Editor in 0.00 ms.
Mono: successfully reloaded assembly
- Completed reload, in  3.442 seconds
Domain Reload Profiling:
	ReloadAssembly (3444ms)
		BeginReloadAssembly (506ms)
			ExecutionOrderSort (0ms)
			DisableScriptedObjects (13ms)
			BackupInstance (0ms)
			ReleaseScriptingObjects (0ms)
			CreateAndSetChildDomain (54ms)
		EndReloadAssembly (2829ms)
			LoadAssemblies (247ms)
			RebuildTransferFunctionScriptingTraits (0ms)
			SetupTypeCache (874ms)
			ReleaseScriptCaches (1ms)
			RebuildScriptCaches (163ms)
			SetupLoadedEditorAssemblies (1117ms)
				LogAssemblyErrors (0ms)
				InitializePlatformSupportModulesInManaged (10ms)
				SetLoadedEditorAssemblies (1ms)
				RefreshPlugins (2ms)
				BeforeProcessingInitializeOnLoad (218ms)
				ProcessInitializeOnLoadAttributes (794ms)
				ProcessInitializeOnLoadMethodAttributes (55ms)
				AfterProcessingInitializeOnLoad (36ms)
				EditorAssembliesLoaded (2ms)
			ExecutionOrderSort2 (0ms)
			AwakeInstancesAfterBackupRestoration (49ms)
Platform modules already initialized, skipping
Validating Project structure ... 0.021419 seconds.
Shader import version has changed; will reimport all shaders...
Upgrading shader files ...0.042215 seconds.
Application.AssetDatabase Initial Script Refresh Start
RefreshInfo: InitialScriptRefreshV2(NoUpdateAssetOptions) scanfilter:  ... 1 filters
RefreshProfiler: Total: 0.000ms
Application.AssetDatabase Initial Script Refresh End
Application.AssetDatabase.Refresh Start
Application.AssetDatabase.Refresh End
RefreshInfo: StopAssetImportingV2(ForceSynchronousImport) scanfilter: 
RefreshProfiler: Total: 0.000ms
Launching external process: /Applications/Unity/Hub/Editor/2020.3.29f1/Unity.app/Contents/Tools/UnityShaderCompiler
Launched and connected shader compiler UnityShaderCompiler after 0.02 seconds
Initializing Unity extensions:
2022-04-20 23:39:45.373 Unity[21394:509487] NSEventModifierFlagFunction specified to -setKeyEquivalentModifierMask: for item <NSMenuItem: 0x600000505ea0 Font Asset, ke='Command-F12'>, but is only supported for system-provided menu items; will not be used
2022-04-20 23:39:45.384 Unity[21394:509487] NSEventModifierFlagFunction specified to -setKeyEquivalentModifierMask: for item <NSMenuItem: 0x600000564e70 Font Asset, ke='Command-F12'>, but is only supported for system-provided menu items; will not be used
========================================================================
Worker process is ready to serve import requests
Setting a NavMeshArea cost less than one can give unexpected results.
Refreshing native plugins compatible for Editor in 1.08 ms, found 2 plugins.
Preloading 0 native plugins for Editor in 0.00 ms.
Unloading 2279 Unused Serialized files (Serialized files now loaded: 0)
System memory in use before: 235.0 MB.
System memory in use after: 234.7 MB.

Unloading 263 unused Assets to reduce memory usage. Loaded Objects now: 2730.
Total: 5.690012 ms (FindLiveObjects: 0.278201 ms CreateObjectMapping: 0.142044 ms MarkObjects: 4.623597 ms  DeleteObjects: 0.644398 ms)

AssetImportParameters requested are different than current active one (requested -> active):
  custom:video-decoder-ogg-theora: a1e56fd34408186e4bbccfd4996cb3dc -> 
  custom:container-muxer-webm: aa71ff27fc2769a1b78a27578f13a17b -> 
  custom:container-demuxer-webm: 4f35f7cbe854078d1ac9338744f61a02 -> 
  custom:container-demuxer-ogg: 62fdf1f143b41e24485cea50d1cbac27 -> 
  custom:video-encoder-webm-vp8: eb34c28f22e8b96e1ab97ce403110664 -> 
  custom:framework-osx-AVFoundation: e770b220cccbd017edd2c1fefb359320 -> 
  custom:video-decoder-webm-vp8: 9c59270c3fd7afecdb556c50c9e8de78 -> 
  custom:audio-decoder-ogg-vorbis: bf7c407c2cedff20999df2af8eb42d56 -> 
  custom:audio-encoder-webm-vorbis: bf7c407c2cedff20999df2af8eb42d56 -> 
========================================================================
Received Import Request.
  path: Assets/RCK 2.3/Perfabs/Vahicles/PoliceCar (Mobaile).prefab
  artifactKey: Guid(736c3d00ccb78fe42b5826b758aa3fa5) Importer(815301076,1909f56bfc062723c751e8b465ee728b)
Start importing Assets/RCK 2.3/Perfabs/Vahicles/PoliceCar (Mobaile).prefab using Guid(736c3d00ccb78fe42b5826b758aa3fa5) Importer(815301076,1909f56bfc062723c751e8b465ee728b)  -> (artifact id: '8127325dfba12864541436ac0ba60ea1') in 1.789949 seconds 
  Import took 1.805585 seconds .

========================================================================
Received Import Request.
  Time since last request: 0.003209 seconds.
  path: Assets/RCK 2.3/Perfabs/Vahicles
  artifactKey: Guid(04515120100943d4389c87a3a56fe728) Importer(815301076,1909f56bfc062723c751e8b465ee728b)
Start importing Assets/RCK 2.3/Perfabs/Vahicles using Guid(04515120100943d4389c87a3a56fe728) Importer(815301076,1909f56bfc062723c751e8b465ee728b)  -> (artifact id: '55a92bf16c0cc3e3e14487eb3e62444e') in 0.003402 seconds 
  Import took 0.011328 seconds .

========================================================================
Received Import Request.
  Time since last request: 26.877351 seconds.
  path: Assets/RCK 2.3/Pivot.png
  artifactKey: Guid(baa813e7806e8234db1321ac0cd75a2d) Importer(815301076,1909f56bfc062723c751e8b465ee728b)
Start importing Assets/RCK 2.3/Pivot.png using Guid(baa813e7806e8234db1321ac0cd75a2d) Importer(815301076,1909f56bfc062723c751e8b465ee728b)  -> (artifact id: 'c1a9f4dbca7f4a55dccdbd2dd4c53dcc') in 1.206175 seconds 
  Import took 1.216710 seconds .

========================================================================
Received Import Request.
  Time since last request: 0.416407 seconds.
  path: Assets/RCK 2.3/Perfabs/Main Camera.prefab
  artifactKey: Guid(8512d52775bf95340b741dfb9552c938) Importer(815301076,1909f56bfc062723c751e8b465ee728b)
Start importing Assets/RCK 2.3/Perfabs/Main Camera.prefab using Guid(8512d52775bf95340b741dfb9552c938) Importer(815301076,1909f56bfc062723c751e8b465ee728b)  -> (artifact id: 'fbee222edf165e97bc32382512c04bad') in 0.023739 seconds 
  Import took 0.031637 seconds .

========================================================================
Received Import Request.
  Time since last request: 35.708979 seconds.
  path: Assets/RCK 2.3/Scripts
  artifactKey: Guid(74ebf87bb9663244d99c619128eb0498) Importer(815301076,1909f56bfc062723c751e8b465ee728b)
Start importing Assets/RCK 2.3/Scripts using Guid(74ebf87bb9663244d99c619128eb0498) Importer(815301076,1909f56bfc062723c751e8b465ee728b)  -> (artifact id: 'b1b2de41b8377ee6ac452984e0ee41fb') in 0.003022 seconds 
  Import took 0.008707 seconds .

AssetImportWorkerClient::OnTransportError - code=2 error=End of file
